{"/Users/codenation/Documents/Personal dev/wishlist-pots/wishpot/wishpot/frontend/src/App.vue": {"path":"/Users/codenation/Documents/Personal dev/wishlist-pots/wishpot/wishpot/frontend/src/App.vue","statementMap":{"0":{"start":{"line":31,"column":0},"end":{"line":31,"column":null}}},"fnMap":{"0":{"name":"data","decl":{"start":{"line":41,"column":0},"end":{"line":41,"column":null}},"loc":{"start":{"line":41,"column":0},"end":{"line":41,"column":null}}}},"branchMap":{},"s":{"0":1},"f":{"0":1},"b":{}}
,"/Users/codenation/Documents/Personal dev/wishlist-pots/wishpot/wishpot/frontend/src/components/UserSignup.vue": {"path":"/Users/codenation/Documents/Personal dev/wishlist-pots/wishpot/wishpot/frontend/src/components/UserSignup.vue","statementMap":{"0":{"start":{"line":12,"column":0},"end":{"line":12,"column":null}},"1":{"start":{"line":18,"column":0},"end":{"line":18,"column":null}},"2":{"start":{"line":19,"column":0},"end":{"line":19,"column":null}}},"fnMap":{"0":{"name":"data","decl":{"start":{"line":11,"column":0},"end":{"line":11,"column":null}},"loc":{"start":{"line":11,"column":0},"end":{"line":15,"column":null}}},"1":{"name":"UserSignup","decl":{"start":{"line":17,"column":0},"end":{"line":17,"column":null}},"loc":{"start":{"line":17,"column":0},"end":{"line":20,"column":null}}}},"branchMap":{},"s":{"0":1,"1":0,"2":0},"f":{"0":1,"1":0},"b":{}}
,"/Users/codenation/Documents/Personal dev/wishlist-pots/wishpot/wishpot/frontend/src/views/SignupPage.vue": {"path":"/Users/codenation/Documents/Personal dev/wishlist-pots/wishpot/wishpot/frontend/src/views/SignupPage.vue","statementMap":{"0":{"start":{"line":8,"column":0},"end":{"line":8,"column":null}}},"fnMap":{},"branchMap":{},"s":{"0":0},"f":{},"b":{}}
}
